<?xml version="1.0" encoding="UTF-8"?>
<!-- Generated by org.testng.reporters.JUnitReportReporter -->
<testsuite hostname="DESKTOP-EQ55Q8H" failures="0" tests="1" name="Test.Redifftest" time="47.552" errors="0" timestamp="2023-07-13T18:51:18 IST" skipped="0">
  <testcase classname="Test.Redifftest" name="testCase" time="47.552"/>
</testsuite> <!-- Test.Redifftest -->
