<?xml version="1.0" encoding="UTF-8"?>
<!-- Generated by org.testng.reporters.JUnitReportReporter -->
<testsuite hostname="DESKTOP-EQ55Q8H" failures="0" tests="1" name="Test.Vjrltest" time="10.940" errors="0" timestamp="2023-07-12T19:32:21 IST" skipped="0">
  <testcase classname="Test.Vjrltest" name="testCase" time="10.940"/>
</testsuite> <!-- Test.Vjrltest -->
