<?xml version="1.0" encoding="UTF-8"?>
<!-- Generated by org.testng.reporters.JUnitReportReporter -->
<testsuite hostname="DESKTOP-EQ55Q8H" failures="0" tests="1" name="Test.amzntest1" time="33.113" errors="0" timestamp="2023-07-12T12:34:39 IST" skipped="0">
  <testcase classname="Test.amzntest1" name="test" time="33.113"/>
</testsuite> <!-- Test.amzntest1 -->
