<?xml version="1.0" encoding="UTF-8"?>
<!-- Generated by org.testng.reporters.JUnitReportReporter -->
<testsuite hostname="DESKTOP-EQ55Q8H" failures="0" tests="1" name="Test.TestDDriven" time="13.618" errors="0" timestamp="2023-07-13T12:45:55 IST" skipped="0">
  <testcase classname="Test.TestDDriven" name="TestCase" time="13.618"/>
</testsuite> <!-- Test.TestDDriven -->
