<?xml version="1.0" encoding="UTF-8"?>
<!-- Generated by org.testng.reporters.JUnitReportReporter -->
<testsuite hostname="DESKTOP-EQ55Q8H" failures="0" tests="1" name="Test.VJRLsampletest" time="4.176" errors="0" timestamp="2023-07-17T21:12:30 IST" skipped="0">
  <testcase classname="Test.VJRLsampletest" name="testcase" time="4.176"/>
</testsuite> <!-- Test.VJRLsampletest -->
